#
# There is insufficient memory for the Java Runtime Environment to continue.
# Native memory allocation (mmap) failed to map 32505856 bytes for G1 virtual space
# Possible reasons:
#   The system is out of physical RAM or swap space
#   The process is running with CompressedOops enabled, and the Java Heap may be blocking the growth of the native heap
# Possible solutions:
#   Reduce memory load on the system
#   Increase physical memory or swap space
#   Check if swap backing store is full
#   Decrease Java heap size (-Xmx/-Xms)
#   Decrease number of Java threads
#   Decrease Java thread stack sizes (-Xss)
#   Set larger code cache with -XX:ReservedCodeCacheSize=
#   JVM is running with Unscaled Compressed Oops mode in which the Java heap is
#     placed in the first 4GB address space. The Java Heap base address is the
#     maximum limit for the native heap growth. Please use -XX:HeapBaseMinAddress
#     to set the Java Heap base and to place the Java Heap above 4GB virtual address.
# This output file may be truncated or incomplete.
#
#  Out of Memory Error (os_windows.cpp:3557), pid=13752, tid=21716
#
# JRE version: OpenJDK Runtime Environment Corretto-17.0.6.10.1 (17.0.6+10) (build 17.0.6+10-LTS)
# Java VM: OpenJDK 64-Bit Server VM Corretto-17.0.6.10.1 (17.0.6+10-LTS, mixed mode, emulated-client, sharing, tiered, compressed oops, compressed class ptrs, g1 gc, windows-amd64)
# No core dump will be written. Minidumps are not enabled by default on client versions of Windows
#

---------------  S U M M A R Y ------------

Command Line: -XX:TieredStopAtLevel=1 -Dspring.output.ansi.enabled=always -Dcom.sun.management.jmxremote -Dspring.jmx.enabled=true -Dspring.liveBeansView.mbeanDomain -Dspring.application.admin.enabled=true -Dmanagement.endpoints.jmx.exposure.include=* -javaagent:C:\Program Files\JetBrains\IntelliJ IDEA 2022.3.2\lib\idea_rt.jar=62669:C:\Program Files\JetBrains\IntelliJ IDEA 2022.3.2\bin -Dfile.encoding=UTF-8 io.akhutail.mail.MailMessages

Host: Intel(R) Core(TM) i5-8250U CPU @ 1.60GHz, 8 cores, 7G,  Windows 10 , 64 bit Build 19041 (10.0.19041.2546)
Time: Sat Mar 18 18:33:56 2023 India Standard Time elapsed time: 1053.562515 seconds (0d 0h 17m 33s)

---------------  T H R E A D  ---------------

Current thread (0x0000020135e9af10):  VMThread "VM Thread" [stack: 0x0000001a80700000,0x0000001a80800000] [id=21716]

Stack: [0x0000001a80700000,0x0000001a80800000]
Native frames: (J=compiled Java code, j=interpreted, Vv=VM code, C=native code)
V  [jvm.dll+0x64b39a]
V  [jvm.dll+0x7ff044]
V  [jvm.dll+0x8007fe]
V  [jvm.dll+0x800e53]
V  [jvm.dll+0x235848]
V  [jvm.dll+0x6482fa]
V  [jvm.dll+0x63ca0a]
V  [jvm.dll+0x2f3d59]
V  [jvm.dll+0x2faee6]
V  [jvm.dll+0x34755a]
V  [jvm.dll+0x34779f]
V  [jvm.dll+0x2ca128]
V  [jvm.dll+0x2c8617]
V  [jvm.dll+0x2c7bfc]
V  [jvm.dll+0x30b12b]
V  [jvm.dll+0x80528b]
V  [jvm.dll+0x805f68]
V  [jvm.dll+0x806495]
V  [jvm.dll+0x806864]
V  [jvm.dll+0x80692e]
V  [jvm.dll+0x7b1d6a]
V  [jvm.dll+0x64a265]
C  [ucrtbase.dll+0x21bb2]
C  [KERNEL32.DLL+0x17614]
C  [ntdll.dll+0x526a1]

VM_Operation (0x0000001a833fc260): G1CollectForAllocation, mode: safepoint, requested by thread 0x0000020139217090


---------------  P R O C E S S  ---------------

Threads class SMR info:
_java_thread_list=0x000002013c25b340, length=37, elements={
0x0000020135e9f2e0, 0x0000020135ea0060, 0x0000020135eb3090, 0x0000020135eb5c20,
0x0000020135eb7650, 0x0000020135eb8f20, 0x0000020135ebb260, 0x0000020135ebbb60,
0x0000020135eee630, 0x0000020136de8450, 0x0000020136debf70, 0x0000020136fa6ad0,
0x0000020138553fd0, 0x00000201371c55a0, 0x00000201371c5a70, 0x0000020139070740,
0x000002013906f400, 0x0000020139070270, 0x000002013906f8d0, 0x000002013906fda0,
0x000002013906ef30, 0x00000201392106b0, 0x000002013920fd10, 0x0000020139213200,
0x0000020139212860, 0x00000201392136d0, 0x0000020139212d30, 0x0000020139211050,
0x0000020139210b80, 0x0000020139217090, 0x0000020139214a10, 0x0000020139215d50,
0x0000020139213ba0, 0x0000020139211ec0, 0x00000201392153b0, 0x0000020139215880,
0x0000020139211520
}

Java Threads: ( => current thread )
  0x0000020135e9f2e0 JavaThread "Reference Handler" daemon [_thread_blocked, id=1160, stack(0x0000001a80800000,0x0000001a80900000)]
  0x0000020135ea0060 JavaThread "Finalizer" daemon [_thread_blocked, id=4868, stack(0x0000001a80900000,0x0000001a80a00000)]
  0x0000020135eb3090 JavaThread "Signal Dispatcher" daemon [_thread_blocked, id=19592, stack(0x0000001a80a00000,0x0000001a80b00000)]
  0x0000020135eb5c20 JavaThread "Attach Listener" daemon [_thread_blocked, id=11328, stack(0x0000001a80b00000,0x0000001a80c00000)]
  0x0000020135eb7650 JavaThread "Service Thread" daemon [_thread_blocked, id=13712, stack(0x0000001a80c00000,0x0000001a80d00000)]
  0x0000020135eb8f20 JavaThread "Monitor Deflation Thread" daemon [_thread_blocked, id=20984, stack(0x0000001a80d00000,0x0000001a80e00000)]
  0x0000020135ebb260 JavaThread "C1 CompilerThread0" daemon [_thread_blocked, id=8164, stack(0x0000001a80e00000,0x0000001a80f00000)]
  0x0000020135ebbb60 JavaThread "Sweeper thread" daemon [_thread_blocked, id=6060, stack(0x0000001a80f00000,0x0000001a81000000)]
  0x0000020135eee630 JavaThread "Common-Cleaner" daemon [_thread_blocked, id=15148, stack(0x0000001a81000000,0x0000001a81100000)]
  0x0000020136de8450 JavaThread "Monitor Ctrl-Break" daemon [_thread_in_native, id=20244, stack(0x0000001a81300000,0x0000001a81400000)]
  0x0000020136debf70 JavaThread "Notification Thread" daemon [_thread_blocked, id=20052, stack(0x0000001a81400000,0x0000001a81500000)]
  0x0000020136fa6ad0 JavaThread "RMI TCP Accept-0" daemon [_thread_in_native, id=16132, stack(0x0000001a81500000,0x0000001a81600000)]
  0x0000020138553fd0 JavaThread "Catalina-utility-1" [_thread_blocked, id=16020, stack(0x0000001a82200000,0x0000001a82300000)]
  0x00000201371c55a0 JavaThread "Catalina-utility-2" [_thread_blocked, id=12656, stack(0x0000001a82300000,0x0000001a82400000)]
  0x00000201371c5a70 JavaThread "container-0" [_thread_blocked, id=15228, stack(0x0000001a82400000,0x0000001a82500000)]
  0x0000020139070740 JavaThread "s0-timer-0" [_thread_blocked, id=16784, stack(0x0000001a82500000,0x0000001a82600000)]
  0x000002013906f400 JavaThread "s0-admin-0" [_thread_blocked, id=14828, stack(0x0000001a82600000,0x0000001a82700000)]
  0x0000020139070270 JavaThread "s0-admin-1" [_thread_blocked, id=23324, stack(0x0000001a82700000,0x0000001a82800000)]
  0x000002013906f8d0 JavaThread "s0-io-0" [_thread_in_native, id=15188, stack(0x0000001a82800000,0x0000001a82900000)]
  0x000002013906fda0 JavaThread "s0-io-1" [_thread_in_native, id=21292, stack(0x0000001a82a00000,0x0000001a82b00000)]
  0x000002013906ef30 JavaThread "s0-io-2" [_thread_in_native, id=22548, stack(0x0000001a82b00000,0x0000001a82c00000)]
  0x00000201392106b0 JavaThread "s0-io-3" [_thread_in_native, id=10476, stack(0x0000001a82c00000,0x0000001a82d00000)]
  0x000002013920fd10 JavaThread "Live Reload Server" daemon [_thread_in_native, id=23188, stack(0x0000001a82e00000,0x0000001a82f00000)]
  0x0000020139213200 JavaThread "File Watcher" daemon [_thread_blocked, id=9544, stack(0x0000001a81200000,0x0000001a81300000)]
  0x0000020139212860 JavaThread "http-nio-8080-exec-1" daemon [_thread_blocked, id=10416, stack(0x0000001a82d00000,0x0000001a82e00000)]
  0x00000201392136d0 JavaThread "http-nio-8080-exec-2" daemon [_thread_blocked, id=13180, stack(0x0000001a82f00000,0x0000001a83000000)]
  0x0000020139212d30 JavaThread "http-nio-8080-exec-3" daemon [_thread_blocked, id=18020, stack(0x0000001a83000000,0x0000001a83100000)]
  0x0000020139211050 JavaThread "http-nio-8080-exec-4" daemon [_thread_blocked, id=17648, stack(0x0000001a83100000,0x0000001a83200000)]
  0x0000020139210b80 JavaThread "http-nio-8080-exec-5" daemon [_thread_blocked, id=11692, stack(0x0000001a83200000,0x0000001a83300000)]
  0x0000020139217090 JavaThread "http-nio-8080-exec-6" daemon [_thread_blocked, id=6236, stack(0x0000001a83300000,0x0000001a83400000)]
  0x0000020139214a10 JavaThread "http-nio-8080-exec-7" daemon [_thread_blocked, id=23476, stack(0x0000001a83400000,0x0000001a83500000)]
  0x0000020139215d50 JavaThread "http-nio-8080-exec-8" daemon [_thread_blocked, id=8684, stack(0x0000001a83500000,0x0000001a83600000)]
  0x0000020139213ba0 JavaThread "http-nio-8080-exec-9" daemon [_thread_blocked, id=19600, stack(0x0000001a83600000,0x0000001a83700000)]
  0x0000020139211ec0 JavaThread "http-nio-8080-exec-10" daemon [_thread_blocked, id=15140, stack(0x0000001a83700000,0x0000001a83800000)]
  0x00000201392153b0 JavaThread "http-nio-8080-Poller" daemon [_thread_blocked, id=17140, stack(0x0000001a83800000,0x0000001a83900000)]
  0x0000020139215880 JavaThread "http-nio-8080-Acceptor" daemon [_thread_in_native, id=6612, stack(0x0000001a83900000,0x0000001a83a00000)]
  0x0000020139211520 JavaThread "DestroyJavaVM" [_thread_blocked, id=23300, stack(0x0000001a80100000,0x0000001a80200000)]

Other Threads:
=>0x0000020135e9af10 VMThread "VM Thread" [stack: 0x0000001a80700000,0x0000001a80800000] [id=21716]
  0x0000020121ed92f0 WatcherThread [stack: 0x0000001a81600000,0x0000001a81700000] [id=3132]
  0x0000020121e6d6d0 GCTaskThread "GC Thread#0" [stack: 0x0000001a80200000,0x0000001a80300000] [id=8848]
  0x00000201372c33e0 GCTaskThread "GC Thread#1" [stack: 0x0000001a81900000,0x0000001a81a00000] [id=6592]
  0x00000201372c3690 GCTaskThread "GC Thread#2" [stack: 0x0000001a81a00000,0x0000001a81b00000] [id=22148]
  0x00000201373118a0 GCTaskThread "GC Thread#3" [stack: 0x0000001a81b00000,0x0000001a81c00000] [id=17872]
  0x00000201373127e0 GCTaskThread "GC Thread#4" [stack: 0x0000001a81c00000,0x0000001a81d00000] [id=2700]
  0x0000020137312a90 GCTaskThread "GC Thread#5" [stack: 0x0000001a81d00000,0x0000001a81e00000] [id=22720]
  0x0000020137341190 GCTaskThread "GC Thread#6" [stack: 0x0000001a81e00000,0x0000001a81f00000] [id=12956]
  0x0000020137341850 GCTaskThread "GC Thread#7" [stack: 0x0000001a81f00000,0x0000001a82000000] [id=16252]
  0x0000020121e7f170 ConcurrentGCThread "G1 Main Marker" [stack: 0x0000001a80300000,0x0000001a80400000] [id=828]
  0x0000020121e7fa90 ConcurrentGCThread "G1 Conc#0" [stack: 0x0000001a80400000,0x0000001a80500000] [id=6492]
  0x0000020138834590 ConcurrentGCThread "G1 Conc#1" [stack: 0x0000001a82100000,0x0000001a82200000] [id=22172]
  0x0000020135d58050 ConcurrentGCThread "G1 Refine#0" [stack: 0x0000001a80500000,0x0000001a80600000] [id=19328]
  0x000002013731f600 ConcurrentGCThread "G1 Refine#1" [stack: 0x0000001a82000000,0x0000001a82100000] [id=10576]
  0x0000020135d58880 ConcurrentGCThread "G1 Service" [stack: 0x0000001a80600000,0x0000001a80700000] [id=18420]

Threads with active compile tasks:

VM state: at safepoint (normal execution)

VM Mutex/Monitor currently owned by a thread:  ([mutex/lock_event])
[0x0000020121e0fd50] Threads_lock - owner thread: 0x0000020135e9af10
[0x0000020121e10410] Heap_lock - owner thread: 0x0000020139217090

Heap address: 0x0000000081e00000, size: 2018 MB, Compressed Oops mode: 32-bit

CDS archive(s) mapped at: [0x0000000800000000-0x0000000800bc0000-0x0000000800bc0000), size 12320768, SharedBaseAddress: 0x0000000800000000, ArchiveRelocationMode: 0.
Compressed class space mapped at: 0x0000000800c00000-0x0000000840c00000, reserved size: 1073741824
Narrow klass base: 0x0000000800000000, Narrow klass shift: 0, Narrow klass range: 0x100000000

GC Precious Log:
 CPUs: 8 total, 8 available
 Memory: 8067M
 Large Page Support: Disabled
 NUMA Support: Disabled
 Compressed Oops: Enabled (32-bit)
 Heap Region Size: 1M
 Heap Min Capacity: 8M
 Heap Initial Capacity: 128M
 Heap Max Capacity: 2018M
 Pre-touch: Disabled
 Parallel Workers: 8
 Concurrent Workers: 2
 Concurrent Refinement Workers: 8
 Periodic GC: Disabled

Heap:
 garbage-first heap   total 99328K, used 27157K [0x0000000081e00000, 0x0000000100000000)
  region size 1024K, 1 young (1024K), 1 survivors (1024K)
 Metaspace       used 56930K, committed 57408K, reserved 1105920K
  class space    used 8066K, committed 8256K, reserved 1048576K

Heap Regions: E=young(eden), S=young(survivor), O=old, HS=humongous(starts), HC=humongous(continues), CS=collection set, F=free, OA=open archive, CA=closed archive, TAMS=top-at-mark-start (previous, next)
|   0|0x0000000081e00000, 0x0000000081f00000, 0x0000000081f00000|100%| O|  |TAMS 0x0000000081f00000, 0x0000000081f00000| Untracked 
|   1|0x0000000081f00000, 0x0000000082000000, 0x0000000082000000|100%| O|  |TAMS 0x0000000082000000, 0x0000000082000000| Untracked 
|   2|0x0000000082000000, 0x0000000082100000, 0x0000000082100000|100%| O|  |TAMS 0x0000000082100000, 0x0000000082100000| Untracked 
|   3|0x0000000082100000, 0x0000000082200000, 0x0000000082200000|100%| O|  |TAMS 0x0000000082200000, 0x0000000082200000| Untracked 
|   4|0x0000000082200000, 0x0000000082300000, 0x0000000082300000|100%| O|  |TAMS 0x0000000082300000, 0x0000000082300000| Untracked 
|   5|0x0000000082300000, 0x0000000082400000, 0x0000000082400000|100%| O|  |TAMS 0x0000000082400000, 0x0000000082400000| Untracked 
|   6|0x0000000082400000, 0x0000000082500000, 0x0000000082500000|100%| O|  |TAMS 0x0000000082500000, 0x0000000082500000| Untracked 
|   7|0x0000000082500000, 0x0000000082600000, 0x0000000082600000|100%| O|  |TAMS 0x0000000082600000, 0x0000000082600000| Untracked 
|   8|0x0000000082600000, 0x0000000082700000, 0x0000000082700000|100%| O|  |TAMS 0x0000000082700000, 0x0000000082700000| Untracked 
|   9|0x0000000082700000, 0x0000000082800000, 0x0000000082800000|100%| O|  |TAMS 0x0000000082800000, 0x0000000082800000| Untracked 
|  10|0x0000000082800000, 0x0000000082900000, 0x0000000082900000|100%| O|  |TAMS 0x0000000082900000, 0x0000000082900000| Untracked 
|  11|0x0000000082900000, 0x0000000082a00000, 0x0000000082a00000|100%| O|  |TAMS 0x0000000082a00000, 0x0000000082a00000| Untracked 
|  12|0x0000000082a00000, 0x0000000082a00000, 0x0000000082b00000|  0%| F|  |TAMS 0x0000000082a00000, 0x0000000082a00000| Untracked 
|  13|0x0000000082b00000, 0x0000000082b89a00, 0x0000000082c00000| 53%| O|  |TAMS 0x0000000082b00000, 0x0000000082b89a00| Untracked 
|  14|0x0000000082c00000, 0x0000000082cb2400, 0x0000000082d00000| 69%| O|  |TAMS 0x0000000082cb2400, 0x0000000082cb2400| Untracked 
|  15|0x0000000082d00000, 0x0000000082e00000, 0x0000000082e00000|100%| O|  |TAMS 0x0000000082e00000, 0x0000000082e00000| Untracked 
|  16|0x0000000082e00000, 0x0000000082f00000, 0x0000000082f00000|100%| O|  |TAMS 0x0000000082f00000, 0x0000000082f00000| Untracked 
|  17|0x0000000082f00000, 0x0000000082f00000, 0x0000000083000000|  0%| F|  |TAMS 0x0000000082f00000, 0x0000000082f00000| Untracked 
|  18|0x0000000083000000, 0x0000000083100000, 0x0000000083100000|100%| O|  |TAMS 0x0000000083100000, 0x0000000083100000| Untracked 
|  19|0x0000000083100000, 0x0000000083200000, 0x0000000083200000|100%| O|  |TAMS 0x0000000083200000, 0x0000000083200000| Untracked 
|  20|0x0000000083200000, 0x0000000083300000, 0x0000000083300000|100%| O|  |TAMS 0x0000000083300000, 0x0000000083300000| Untracked 
|  21|0x0000000083300000, 0x0000000083400000, 0x0000000083400000|100%| O|  |TAMS 0x0000000083400000, 0x0000000083400000| Untracked 
|  22|0x0000000083400000, 0x0000000083400000, 0x0000000083500000|  0%| F|  |TAMS 0x0000000083400000, 0x0000000083400000| Untracked 
|  23|0x0000000083500000, 0x0000000083600000, 0x0000000083600000|100%| O|  |TAMS 0x0000000083600000, 0x0000000083600000| Untracked 
|  24|0x0000000083600000, 0x0000000083600000, 0x0000000083700000|  0%| F|  |TAMS 0x0000000083600000, 0x0000000083600000| Untracked 
|  25|0x0000000083700000, 0x0000000083700000, 0x0000000083800000|  0%| F|  |TAMS 0x0000000083700000, 0x0000000083700000| Untracked 
|  26|0x0000000083800000, 0x0000000083800000, 0x0000000083900000|  0%| F|  |TAMS 0x0000000083800000, 0x0000000083800000| Untracked 
|  27|0x0000000083900000, 0x0000000083900000, 0x0000000083a00000|  0%| F|  |TAMS 0x0000000083900000, 0x0000000083900000| Untracked 
|  28|0x0000000083a00000, 0x0000000083a00000, 0x0000000083b00000|  0%| F|  |TAMS 0x0000000083a00000, 0x0000000083a00000| Untracked 
|  29|0x0000000083b00000, 0x0000000083c00000, 0x0000000083c00000|100%| O|  |TAMS 0x0000000083c00000, 0x0000000083c00000| Untracked 
|  30|0x0000000083c00000, 0x0000000083d00000, 0x0000000083d00000|100%| O|  |TAMS 0x0000000083d00000, 0x0000000083d00000| Untracked 
|  31|0x0000000083d00000, 0x0000000083e00000, 0x0000000083e00000|100%| O|  |TAMS 0x0000000083e00000, 0x0000000083e00000| Untracked 
|  32|0x0000000083e00000, 0x0000000083f00000, 0x0000000083f00000|100%| O|  |TAMS 0x0000000083f00000, 0x0000000083f00000| Untracked 
|  33|0x0000000083f00000, 0x0000000084000000, 0x0000000084000000|100%| O|  |TAMS 0x0000000084000000, 0x0000000084000000| Untracked 
|  34|0x0000000084000000, 0x0000000084100000, 0x0000000084100000|100%| O|  |TAMS 0x0000000084100000, 0x0000000084100000| Untracked 
|  35|0x0000000084100000, 0x0000000084100000, 0x0000000084200000|  0%| F|  |TAMS 0x0000000084100000, 0x0000000084100000| Untracked 
|  36|0x0000000084200000, 0x0000000084200000, 0x0000000084300000|  0%| F|  |TAMS 0x0000000084200000, 0x0000000084200000| Untracked 
|  37|0x0000000084300000, 0x0000000084300000, 0x0000000084400000|  0%| F|  |TAMS 0x0000000084300000, 0x0000000084300000| Untracked 
|  38|0x0000000084400000, 0x0000000084400000, 0x0000000084500000|  0%| F|  |TAMS 0x0000000084400000, 0x0000000084400000| Untracked 
|  39|0x0000000084500000, 0x0000000084549850, 0x0000000084600000| 28%| S|CS|TAMS 0x0000000084500000, 0x0000000084500000| Complete 
|  40|0x0000000084600000, 0x0000000084600000, 0x0000000084700000|  0%| F|  |TAMS 0x0000000084600000, 0x0000000084600000| Untracked 
|  41|0x0000000084700000, 0x0000000084700000, 0x0000000084800000|  0%| F|  |TAMS 0x0000000084700000, 0x0000000084700000| Untracked 
|  42|0x0000000084800000, 0x0000000084800000, 0x0000000084900000|  0%| F|  |TAMS 0x0000000084800000, 0x0000000084800000| Untracked 
|  43|0x0000000084900000, 0x0000000084900000, 0x0000000084a00000|  0%| F|  |TAMS 0x0000000084900000, 0x0000000084900000| Untracked 
|  44|0x0000000084a00000, 0x0000000084a00000, 0x0000000084b00000|  0%| F|  |TAMS 0x0000000084a00000, 0x0000000084a00000| Untracked 
|  45|0x0000000084b00000, 0x0000000084b00000, 0x0000000084c00000|  0%| F|  |TAMS 0x0000000084b00000, 0x0000000084b00000| Untracked 
|  46|0x0000000084c00000, 0x0000000084c00000, 0x0000000084d00000|  0%| F|  |TAMS 0x0000000084c00000, 0x0000000084c00000| Untracked 
|  47|0x0000000084d00000, 0x0000000084d00000, 0x0000000084e00000|  0%| F|  |TAMS 0x0000000084d00000, 0x0000000084d00000| Untracked 
|  48|0x0000000084e00000, 0x0000000084e00000, 0x0000000084f00000|  0%| F|  |TAMS 0x0000000084e00000, 0x0000000084e00000| Untracked 
|  49|0x0000000084f00000, 0x0000000084f00000, 0x0000000085000000|  0%| F|  |TAMS 0x0000000084f00000, 0x0000000084f00000| Untracked 
|  50|0x0000000085000000, 0x0000000085000000, 0x0000000085100000|  0%| F|  |TAMS 0x0000000085000000, 0x0000000085000000| Untracked 
|  51|0x0000000085100000, 0x0000000085100000, 0x0000000085200000|  0%| F|  |TAMS 0x0000000085100000, 0x0000000085100000| Untracked 
|  52|0x0000000085200000, 0x0000000085200000, 0x0000000085300000|  0%| F|  |TAMS 0x0000000085200000, 0x0000000085200000| Untracked 
|  53|0x0000000085300000, 0x0000000085300000, 0x0000000085400000|  0%| F|  |TAMS 0x0000000085300000, 0x0000000085300000| Untracked 
|  54|0x0000000085400000, 0x0000000085400000, 0x0000000085500000|  0%| F|  |TAMS 0x0000000085400000, 0x0000000085400000| Untracked 
|  55|0x0000000085500000, 0x0000000085500000, 0x0000000085600000|  0%| F|  |TAMS 0x0000000085500000, 0x0000000085500000| Untracked 
|  56|0x0000000085600000, 0x0000000085600000, 0x0000000085700000|  0%| F|  |TAMS 0x0000000085600000, 0x0000000085600000| Untracked 
|  57|0x0000000085700000, 0x0000000085700000, 0x0000000085800000|  0%| F|  |TAMS 0x0000000085700000, 0x0000000085700000| Untracked 
|  58|0x0000000085800000, 0x0000000085800000, 0x0000000085900000|  0%| F|  |TAMS 0x0000000085800000, 0x0000000085800000| Untracked 
|  59|0x0000000085900000, 0x0000000085900000, 0x0000000085a00000|  0%| F|  |TAMS 0x0000000085900000, 0x0000000085900000| Untracked 
|  60|0x0000000085a00000, 0x0000000085a00000, 0x0000000085b00000|  0%| F|  |TAMS 0x0000000085a00000, 0x0000000085a00000| Untracked 
|  61|0x0000000085b00000, 0x0000000085b00000, 0x0000000085c00000|  0%| F|  |TAMS 0x0000000085b00000, 0x0000000085b00000| Untracked 
|  62|0x0000000085c00000, 0x0000000085c00000, 0x0000000085d00000|  0%| F|  |TAMS 0x0000000085c00000, 0x0000000085c00000| Untracked 
|  63|0x0000000085d00000, 0x0000000085d00000, 0x0000000085e00000|  0%| F|  |TAMS 0x0000000085d00000, 0x0000000085d00000| Untracked 
|  64|0x0000000085e00000, 0x0000000085e00000, 0x0000000085f00000|  0%| F|  |TAMS 0x0000000085e00000, 0x0000000085e00000| Untracked 
|  65|0x0000000085f00000, 0x0000000085f00000, 0x0000000086000000|  0%| F|  |TAMS 0x0000000085f00000, 0x0000000085f00000| Untracked 
|  66|0x0000000086000000, 0x0000000086000000, 0x0000000086100000|  0%| F|  |TAMS 0x0000000086000000, 0x0000000086000000| Untracked 
|  67|0x0000000086100000, 0x0000000086100000, 0x0000000086200000|  0%| F|  |TAMS 0x0000000086100000, 0x0000000086100000| Untracked 
|  68|0x0000000086200000, 0x0000000086200000, 0x0000000086300000|  0%| F|  |TAMS 0x0000000086200000, 0x0000000086200000| Untracked 
|  69|0x0000000086300000, 0x0000000086300000, 0x0000000086400000|  0%| F|  |TAMS 0x0000000086300000, 0x0000000086300000| Untracked 
|  70|0x0000000086400000, 0x0000000086400000, 0x0000000086500000|  0%| F|  |TAMS 0x0000000086400000, 0x0000000086400000| Untracked 
|  71|0x0000000086500000, 0x0000000086500000, 0x0000000086600000|  0%| F|  |TAMS 0x0000000086500000, 0x0000000086500000| Untracked 
|  72|0x0000000086600000, 0x0000000086600000, 0x0000000086700000|  0%| F|  |TAMS 0x0000000086600000, 0x0000000086600000| Untracked 
|  73|0x0000000086700000, 0x0000000086700000, 0x0000000086800000|  0%| F|  |TAMS 0x0000000086700000, 0x0000000086700000| Untracked 
|  74|0x0000000086800000, 0x0000000086800000, 0x0000000086900000|  0%| F|  |TAMS 0x0000000086800000, 0x0000000086800000| Untracked 
|  75|0x0000000086900000, 0x0000000086900000, 0x0000000086a00000|  0%| F|  |TAMS 0x0000000086900000, 0x0000000086900000| Untracked 
|  76|0x0000000086a00000, 0x0000000086a00000, 0x0000000086b00000|  0%| F|  |TAMS 0x0000000086a00000, 0x0000000086a00000| Untracked 
|  77|0x0000000086b00000, 0x0000000086b00000, 0x0000000086c00000|  0%| F|  |TAMS 0x0000000086b00000, 0x0000000086b00000| Untracked 
|  78|0x0000000086c00000, 0x0000000086c00000, 0x0000000086d00000|  0%| F|  |TAMS 0x0000000086c00000, 0x0000000086c00000| Untracked 
|  79|0x0000000086d00000, 0x0000000086d00000, 0x0000000086e00000|  0%| F|  |TAMS 0x0000000086d00000, 0x0000000086d00000| Untracked 
|  80|0x0000000086e00000, 0x0000000086e00000, 0x0000000086f00000|  0%| F|  |TAMS 0x0000000086e00000, 0x0000000086e00000| Untracked 
|  81|0x0000000086f00000, 0x0000000086f00000, 0x0000000087000000|  0%| F|  |TAMS 0x0000000086f00000, 0x0000000086f00000| Untracked 
|  82|0x0000000087000000, 0x0000000087000000, 0x0000000087100000|  0%| F|  |TAMS 0x0000000087000000, 0x0000000087000000| Untracked 
|  83|0x0000000087100000, 0x0000000087100000, 0x0000000087200000|  0%| F|  |TAMS 0x0000000087100000, 0x0000000087100000| Untracked 
|  84|0x0000000087200000, 0x0000000087200000, 0x0000000087300000|  0%| F|  |TAMS 0x0000000087200000, 0x0000000087200000| Untracked 
|  85|0x0000000087300000, 0x0000000087300000, 0x0000000087400000|  0%| F|  |TAMS 0x0000000087300000, 0x0000000087300000| Untracked 
|  86|0x0000000087400000, 0x0000000087400000, 0x0000000087500000|  0%| F|  |TAMS 0x0000000087400000, 0x0000000087400000| Untracked 
|  87|0x0000000087500000, 0x0000000087500000, 0x0000000087600000|  0%| F|  |TAMS 0x0000000087500000, 0x0000000087500000| Untracked 
|  88|0x0000000087600000, 0x0000000087600000, 0x0000000087700000|  0%| F|  |TAMS 0x0000000087600000, 0x0000000087600000| Untracked 
|  89|0x0000000087700000, 0x0000000087700000, 0x0000000087800000|  0%| F|  |TAMS 0x0000000087700000, 0x0000000087700000| Untracked 
|  90|0x0000000087800000, 0x0000000087800000, 0x0000000087900000|  0%| F|  |TAMS 0x0000000087800000, 0x0000000087800000| Untracked 
|  91|0x0000000087900000, 0x0000000087900000, 0x0000000087a00000|  0%| F|  |TAMS 0x0000000087900000, 0x0000000087900000| Untracked 
|  92|0x0000000087a00000, 0x0000000087a00000, 0x0000000087b00000|  0%| F|  |TAMS 0x0000000087a00000, 0x0000000087a00000| Untracked 
|  93|0x0000000087b00000, 0x0000000087b00000, 0x0000000087c00000|  0%| F|  |TAMS 0x0000000087b00000, 0x0000000087b00000| Untracked 
|  94|0x0000000087c00000, 0x0000000087c00000, 0x0000000087d00000|  0%| F|  |TAMS 0x0000000087c00000, 0x0000000087c00000| Untracked 
|  95|0x0000000087d00000, 0x0000000087d00000, 0x0000000087e00000|  0%| F|  |TAMS 0x0000000087d00000, 0x0000000087d00000| Untracked 
| 127|0x0000000089d00000, 0x0000000089d00000, 0x0000000089e00000|  0%| F|  |TAMS 0x0000000089d00000, 0x0000000089d00000| Untracked 

Card table byte_map: [0x000002012edd0000,0x000002012f1d0000] _byte_map_base: 0x000002012e9c1000

Marking Bits (Prev, Next): (CMBitMap*) 0x0000020121e6ec00, (CMBitMap*) 0x0000020121e6ec40
 Prev Bits: [0x000002012f5d0000, 0x0000020131558000)
 Next Bits: [0x0000020131560000, 0x00000201334e8000)

Polling page: 0x0000020121ee0000

Metaspace:

Usage:
  Non-class:     47.72 MB used.
      Class:      7.88 MB used.
       Both:     55.60 MB used.

Virtual space:
  Non-class space:       56.00 MB reserved,      48.00 MB ( 86%) committed,  7 nodes.
      Class space:        1.00 GB reserved,       8.06 MB ( <1%) committed,  1 nodes.
             Both:        1.05 GB reserved,      56.06 MB (  5%) committed. 

Chunk freelists:
   Non-Class:  3.74 MB
       Class:  3.90 MB
        Both:  7.64 MB

MaxMetaspaceSize: unlimited
CompressedClassSpaceSize: 1.00 GB
Initial GC threshold: 21.00 MB
Current GC threshold: 93.44 MB
CDS: on
MetaspaceReclaimPolicy: balanced
 - commit_granule_bytes: 65536.
 - commit_granule_words: 8192.
 - virtual_space_node_default_size: 1048576.
 - enlarge_chunks_in_place: 1.
 - new_chunks_are_fully_committed: 0.
 - uncommit_free_chunks: 1.
 - use_allocation_guard: 0.
 - handle_deallocations: 1.


Internal statistics:

num_allocs_failed_limit: 6.
num_arena_births: 766.
num_arena_deaths: 254.
num_vsnodes_births: 8.
num_vsnodes_deaths: 0.
num_space_committed: 897.
num_space_uncommitted: 0.
num_chunks_returned_to_freelist: 301.
num_chunks_taken_from_freelist: 2863.
num_chunk_merges: 93.
num_chunk_splits: 1929.
num_chunks_enlarged: 1466.
num_purges: 8.
num_inconsistent_stats: 0.

CodeCache: size=49152Kb used=13976Kb max_used=15501Kb free=35175Kb
 bounds [0x000002012b0f0000, 0x000002012c020000, 0x000002012e0f0000]
 total_blobs=8609 nmethods=7867 adapters=668
 compilation: enabled
              stopped_count=0, restarted_count=0
 full_count=0

Compilation events (20 events):
Event: 1025.500 Thread 0x0000020135ebb260 7858       1       sun.management.LazyCompositeData::<init> (5 bytes)
Event: 1025.500 Thread 0x0000020135ebb260 nmethod 7858 0x000002012bf1b590 code [0x000002012bf1b720, 0x000002012bf1b7d8]
Event: 1029.275 Thread 0x0000020135ebb260 7859       1       java.nio.ByteBuffer::allocate (20 bytes)
Event: 1029.277 Thread 0x0000020135ebb260 nmethod 7859 0x000002012bf1b010 code [0x000002012bf1b1c0, 0x000002012bf1b418]
Event: 1029.277 Thread 0x0000020135ebb260 7860       1       java.nio.HeapByteBuffer::<init> (21 bytes)
Event: 1029.279 Thread 0x0000020135ebb260 nmethod 7860 0x000002012bf1ac10 code [0x000002012bf1ada0, 0x000002012bf1af68]
Event: 1033.448 Thread 0x0000020135ebb260 7861       1       java.util.concurrent.ConcurrentLinkedQueue::offer (120 bytes)
Event: 1033.460 Thread 0x0000020135ebb260 nmethod 7861 0x000002012bf19c90 code [0x000002012bf19ee0, 0x000002012bf1a7f8]
Event: 1033.461 Thread 0x0000020135ebb260 7862       1       java.util.concurrent.ConcurrentLinkedQueue$Node::<init> (13 bytes)
Event: 1033.462 Thread 0x0000020135ebb260 nmethod 7862 0x000002012bf19590 code [0x000002012bf19760, 0x000002012bf19ab8]
Event: 1034.658 Thread 0x0000020135ebb260 7863       1       org.apache.tomcat.util.net.NioEndpoint::getUnixDomainSocketPath (5 bytes)
Event: 1034.671 Thread 0x0000020135ebb260 nmethod 7863 0x000002012bf19290 code [0x000002012bf19420, 0x000002012bf194f8]
Event: 1034.671 Thread 0x0000020135ebb260 7864       1       sun.nio.ch.SocketChannelImpl::ensureOpen (16 bytes)
Event: 1034.672 Thread 0x0000020135ebb260 nmethod 7864 0x000002012bf18f10 code [0x000002012bf190a0, 0x000002012bf19208]
Event: 1034.672 Thread 0x0000020135ebb260 7865       1       org.apache.tomcat.util.net.NioChannel::getIOChannel (5 bytes)
Event: 1034.674 Thread 0x0000020135ebb260 nmethod 7865 0x000002012bf18c10 code [0x000002012bf18da0, 0x000002012bf18e78]
Event: 1045.252 Thread 0x0000020135ebb260 7866       1       java.util.Calendar::getZone (5 bytes)
Event: 1045.255 Thread 0x0000020135ebb260 nmethod 7866 0x000002012bf18910 code [0x000002012bf18aa0, 0x000002012bf18b78]
Event: 1048.373 Thread 0x0000020135ebb260 7867       1       com.datastax.oss.protocol.internal.util.Crc::computeCrc32 (18 bytes)
Event: 1048.460 Thread 0x0000020135ebb260 nmethod 7867 0x000002012bf18210 code [0x000002012bf18400, 0x000002012bf186b8]

GC Heap History (20 events):
Event: 957.857 GC heap after
{Heap after GC invocations=26 (full 0):
 garbage-first heap   total 55296K, used 28319K [0x0000000081e00000, 0x0000000100000000)
  region size 1024K, 1 young (1024K), 1 survivors (1024K)
 Metaspace       used 56932K, committed 57408K, reserved 1105920K
  class space    used 8065K, committed 8256K, reserved 1048576K
}
Event: 962.701 GC heap before
{Heap before GC invocations=27 (full 0):
 garbage-first heap   total 55296K, used 43679K [0x0000000081e00000, 0x0000000100000000)
  region size 1024K, 16 young (16384K), 1 survivors (1024K)
 Metaspace       used 56930K, committed 57408K, reserved 1105920K
  class space    used 8066K, committed 8256K, reserved 1048576K
}
Event: 962.706 GC heap after
{Heap after GC invocations=28 (full 0):
 garbage-first heap   total 110592K, used 28366K [0x0000000081e00000, 0x0000000100000000)
  region size 1024K, 1 young (1024K), 1 survivors (1024K)
 Metaspace       used 56930K, committed 57408K, reserved 1105920K
  class space    used 8066K, committed 8256K, reserved 1048576K
}
Event: 963.196 GC heap before
{Heap before GC invocations=28 (full 0):
 garbage-first heap   total 110592K, used 32462K [0x0000000081e00000, 0x0000000100000000)
  region size 1024K, 5 young (5120K), 1 survivors (1024K)
 Metaspace       used 56930K, committed 57408K, reserved 1105920K
  class space    used 8066K, committed 8256K, reserved 1048576K
}
Event: 963.205 GC heap after
{Heap after GC invocations=29 (full 0):
 garbage-first heap   total 110592K, used 27719K [0x0000000081e00000, 0x0000000100000000)
  region size 1024K, 1 young (1024K), 1 survivors (1024K)
 Metaspace       used 56930K, committed 57408K, reserved 1105920K
  class space    used 8066K, committed 8256K, reserved 1048576K
}
Event: 972.788 GC heap before
{Heap before GC invocations=29 (full 0):
 garbage-first heap   total 110592K, used 90183K [0x0000000081e00000, 0x0000000100000000)
  region size 1024K, 62 young (63488K), 1 survivors (1024K)
 Metaspace       used 56930K, committed 57408K, reserved 1105920K
  class space    used 8066K, committed 8256K, reserved 1048576K
}
Event: 972.793 GC heap after
{Heap after GC invocations=30 (full 0):
 garbage-first heap   total 110592K, used 27737K [0x0000000081e00000, 0x0000000100000000)
  region size 1024K, 1 young (1024K), 1 survivors (1024K)
 Metaspace       used 56930K, committed 57408K, reserved 1105920K
  class space    used 8066K, committed 8256K, reserved 1048576K
}
Event: 983.643 GC heap before
{Heap before GC invocations=30 (full 0):
 garbage-first heap   total 110592K, used 92249K [0x0000000081e00000, 0x0000000100000000)
  region size 1024K, 64 young (65536K), 1 survivors (1024K)
 Metaspace       used 56930K, committed 57408K, reserved 1105920K
  class space    used 8066K, committed 8256K, reserved 1048576K
}
Event: 983.648 GC heap after
{Heap after GC invocations=31 (full 0):
 garbage-first heap   total 110592K, used 27722K [0x0000000081e00000, 0x0000000100000000)
  region size 1024K, 1 young (1024K), 1 survivors (1024K)
 Metaspace       used 56930K, committed 57408K, reserved 1105920K
  class space    used 8066K, committed 8256K, reserved 1048576K
}
Event: 1007.384 GC heap before
{Heap before GC invocations=32 (full 0):
 garbage-first heap   total 99328K, used 92234K [0x0000000081e00000, 0x0000000100000000)
  region size 1024K, 64 young (65536K), 1 survivors (1024K)
 Metaspace       used 56930K, committed 57408K, reserved 1105920K
  class space    used 8066K, committed 8256K, reserved 1048576K
}
Event: 1007.394 GC heap after
{Heap after GC invocations=33 (full 0):
 garbage-first heap   total 99328K, used 27739K [0x0000000081e00000, 0x0000000100000000)
  region size 1024K, 1 young (1024K), 1 survivors (1024K)
 Metaspace       used 56930K, committed 57408K, reserved 1105920K
  class space    used 8066K, committed 8256K, reserved 1048576K
}
Event: 1008.373 GC heap before
{Heap before GC invocations=33 (full 0):
 garbage-first heap   total 99328K, used 30811K [0x0000000081e00000, 0x0000000100000000)
  region size 1024K, 4 young (4096K), 1 survivors (1024K)
 Metaspace       used 56930K, committed 57408K, reserved 1105920K
  class space    used 8066K, committed 8256K, reserved 1048576K
}
Event: 1008.555 GC heap after
{Heap after GC invocations=34 (full 0):
 garbage-first heap   total 99328K, used 27717K [0x0000000081e00000, 0x0000000100000000)
  region size 1024K, 1 young (1024K), 1 survivors (1024K)
 Metaspace       used 56930K, committed 57408K, reserved 1105920K
  class space    used 8066K, committed 8256K, reserved 1048576K
}
Event: 1025.495 GC heap before
{Heap before GC invocations=34 (full 0):
 garbage-first heap   total 99328K, used 84037K [0x0000000081e00000, 0x0000000100000000)
  region size 1024K, 56 young (57344K), 1 survivors (1024K)
 Metaspace       used 56930K, committed 57408K, reserved 1105920K
  class space    used 8066K, committed 8256K, reserved 1048576K
}
Event: 1025.497 GC heap after
{Heap after GC invocations=35 (full 0):
 garbage-first heap   total 99328K, used 27721K [0x0000000081e00000, 0x0000000100000000)
  region size 1024K, 1 young (1024K), 1 survivors (1024K)
 Metaspace       used 56930K, committed 57408K, reserved 1105920K
  class space    used 8066K, committed 8256K, reserved 1048576K
}
Event: 1036.873 GC heap before
{Heap before GC invocations=36 (full 0):
 garbage-first heap   total 99328K, used 85065K [0x0000000081e00000, 0x0000000100000000)
  region size 1024K, 57 young (58368K), 1 survivors (1024K)
 Metaspace       used 56930K, committed 57408K, reserved 1105920K
  class space    used 8066K, committed 8256K, reserved 1048576K
}
Event: 1036.880 GC heap after
{Heap after GC invocations=37 (full 0):
 garbage-first heap   total 99328K, used 27705K [0x0000000081e00000, 0x0000000100000000)
  region size 1024K, 1 young (1024K), 1 survivors (1024K)
 Metaspace       used 56930K, committed 57408K, reserved 1105920K
  class space    used 8066K, committed 8256K, reserved 1048576K
}
Event: 1037.338 GC heap before
{Heap before GC invocations=37 (full 0):
 garbage-first heap   total 99328K, used 30777K [0x0000000081e00000, 0x0000000100000000)
  region size 1024K, 4 young (4096K), 1 survivors (1024K)
 Metaspace       used 56930K, committed 57408K, reserved 1105920K
  class space    used 8066K, committed 8256K, reserved 1048576K
}
Event: 1037.345 GC heap after
{Heap after GC invocations=38 (full 0):
 garbage-first heap   total 99328K, used 27159K [0x0000000081e00000, 0x0000000100000000)
  region size 1024K, 1 young (1024K), 1 survivors (1024K)
 Metaspace       used 56930K, committed 57408K, reserved 1105920K
  class space    used 8066K, committed 8256K, reserved 1048576K
}
Event: 1052.666 GC heap before
{Heap before GC invocations=38 (full 0):
 garbage-first heap   total 99328K, used 84503K [0x0000000081e00000, 0x0000000100000000)
  region size 1024K, 57 young (58368K), 1 survivors (1024K)
 Metaspace       used 56930K, committed 57408K, reserved 1105920K
  class space    used 8066K, committed 8256K, reserved 1048576K
}

Dll operation events (14 events):
Event: 0.035 Loaded shared library C:\Program Files\Amazon Corretto\jdk17.0.6_10\bin\java.dll
Event: 0.047 Loaded shared library C:\Program Files\Amazon Corretto\jdk17.0.6_10\bin\jsvml.dll
Event: 0.182 Loaded shared library C:\Program Files\Amazon Corretto\jdk17.0.6_10\bin\zip.dll
Event: 0.187 Loaded shared library C:\Program Files\Amazon Corretto\jdk17.0.6_10\bin\instrument.dll
Event: 0.206 Loaded shared library C:\Program Files\Amazon Corretto\jdk17.0.6_10\bin\net.dll
Event: 0.209 Loaded shared library C:\Program Files\Amazon Corretto\jdk17.0.6_10\bin\nio.dll
Event: 0.219 Loaded shared library C:\Program Files\Amazon Corretto\jdk17.0.6_10\bin\zip.dll
Event: 1.645 Loaded shared library C:\Program Files\JetBrains\IntelliJ IDEA 2022.3.2\bin\breakgen64.dll
Event: 1.689 Loaded shared library C:\Program Files\Amazon Corretto\jdk17.0.6_10\bin\jimage.dll
Event: 1.752 Loaded shared library C:\Program Files\Amazon Corretto\jdk17.0.6_10\bin\management.dll
Event: 1.857 Loaded shared library C:\Program Files\Amazon Corretto\jdk17.0.6_10\bin\management_ext.dll
Event: 10.491 Loaded shared library C:\Program Files\Amazon Corretto\jdk17.0.6_10\bin\sunmscapi.dll
Event: 10.832 Loaded shared library C:\Program Files\Amazon Corretto\jdk17.0.6_10\bin\verify.dll
Event: 12.621 Loaded shared library C:\Users\abhis\AppData\Local\Temp\jffi17722734911397026576.dll

Deoptimization events (10 events):
Event: 4.893 Thread 0x00000201372c2010 DEOPT PACKING pc=0x000002012b617d99 sp=0x0000001a818fcaa0
Event: 4.893 Thread 0x00000201372c2010 DEOPT UNPACKING pc=0x000002012b147143 sp=0x0000001a818fbf80 mode 3
Event: 10.354 Thread 0x00000201372c2010 DEOPT PACKING pc=0x000002012b8a1b1d sp=0x0000001a818fcb40
Event: 10.354 Thread 0x00000201372c2010 DEOPT UNPACKING pc=0x000002012b147143 sp=0x0000001a818fc0a8 mode 3
Event: 11.076 Thread 0x0000020138553fd0 DEOPT PACKING pc=0x000002012b59f317 sp=0x0000001a822fef80
Event: 11.076 Thread 0x0000020138553fd0 DEOPT UNPACKING pc=0x000002012b147143 sp=0x0000001a822fe3d8 mode 3
Event: 11.076 Thread 0x00000201372c2010 DEOPT PACKING pc=0x000002012b61f481 sp=0x0000001a818fdec0
Event: 11.076 Thread 0x00000201372c2010 DEOPT UNPACKING pc=0x000002012b147143 sp=0x0000001a818fd350 mode 3
Event: 16.521 Thread 0x00000201372c2010 DEOPT PACKING pc=0x000002012b6309a4 sp=0x0000001a818f9c30
Event: 16.521 Thread 0x00000201372c2010 DEOPT UNPACKING pc=0x000002012b147143 sp=0x0000001a818f9188 mode 0

Classes unloaded (20 events):
Event: 316.386 Thread 0x0000020135e9af10 Unloading class 0x0000000800ff1000 'java/lang/invoke/LambdaForm$MH+0x0000000800ff1000'
Event: 316.386 Thread 0x0000020135e9af10 Unloading class 0x0000000801020400 'java/lang/invoke/LambdaForm$MH+0x0000000801020400'
Event: 316.386 Thread 0x0000020135e9af10 Unloading class 0x0000000801023000 'java/lang/invoke/LambdaForm$MH+0x0000000801023000'
Event: 316.386 Thread 0x0000020135e9af10 Unloading class 0x0000000801352400 'java/lang/invoke/LambdaForm$MH+0x0000000801352400'
Event: 316.386 Thread 0x0000020135e9af10 Unloading class 0x0000000801352000 'java/lang/invoke/LambdaForm$MH+0x0000000801352000'
Event: 316.386 Thread 0x0000020135e9af10 Unloading class 0x0000000801351c00 'java/lang/invoke/LambdaForm$MH+0x0000000801351c00'
Event: 316.386 Thread 0x0000020135e9af10 Unloading class 0x0000000801351800 'java/lang/invoke/LambdaForm$MH+0x0000000801351800'
Event: 316.386 Thread 0x0000020135e9af10 Unloading class 0x0000000801351400 'java/lang/invoke/LambdaForm$MH+0x0000000801351400'
Event: 316.386 Thread 0x0000020135e9af10 Unloading class 0x0000000801351000 'java/lang/invoke/LambdaForm$MH+0x0000000801351000'
Event: 316.386 Thread 0x0000020135e9af10 Unloading class 0x0000000801350c00 'java/lang/invoke/LambdaForm$MH+0x0000000801350c00'
Event: 316.386 Thread 0x0000020135e9af10 Unloading class 0x0000000801350800 'java/lang/invoke/LambdaForm$MH+0x0000000801350800'
Event: 316.386 Thread 0x0000020135e9af10 Unloading class 0x0000000801350400 'java/lang/invoke/LambdaForm$MH+0x0000000801350400'
Event: 316.386 Thread 0x0000020135e9af10 Unloading class 0x0000000801350000 'java/lang/invoke/LambdaForm$MH+0x0000000801350000'
Event: 316.386 Thread 0x0000020135e9af10 Unloading class 0x0000000801329800 'java/lang/invoke/LambdaForm$MH+0x0000000801329800'
Event: 316.386 Thread 0x0000020135e9af10 Unloading class 0x0000000801329400 'java/lang/invoke/LambdaForm$MH+0x0000000801329400'
Event: 316.386 Thread 0x0000020135e9af10 Unloading class 0x0000000801329000 'java/lang/invoke/LambdaForm$MH+0x0000000801329000'
Event: 316.386 Thread 0x0000020135e9af10 Unloading class 0x0000000801328c00 'java/lang/invoke/LambdaForm$MH+0x0000000801328c00'
Event: 316.386 Thread 0x0000020135e9af10 Unloading class 0x0000000801328800 'java/lang/invoke/LambdaForm$MH+0x0000000801328800'
Event: 316.386 Thread 0x0000020135e9af10 Unloading class 0x0000000801328400 'java/lang/invoke/LambdaForm$MH+0x0000000801328400'
Event: 957.962 Thread 0x0000020135e9af10 Unloading class 0x0000000801404000 'jdk/internal/reflect/GeneratedConstructorAccessor53'

Classes redefined (0 events):
No events

Internal exceptions (20 events):
Event: 28.946 Thread 0x00000201372c2010 Exception <a 'java/lang/NoSuchMethodError'{0x00000000844235e0}: 'java.lang.Object java.lang.invoke.DirectMethodHandle$Holder.invokeStatic(java.lang.Object, java.lang.Object, int, java.lang.Object)'> (0x00000000844235e0) 
thrown [s\src\hotspot\share\interpreter\linkResolver.cpp, line 759]
Event: 29.359 Thread 0x00000201372c2010 Exception <a 'java/lang/NoSuchMethodError'{0x0000000084ce30c0}: 'void java.lang.invoke.DirectMethodHandle$Holder.invokeVirtual(java.lang.Object, java.lang.Object, int)'> (0x0000000084ce30c0) 
thrown [s\src\hotspot\share\interpreter\linkResolver.cpp, line 759]
Event: 29.360 Thread 0x00000201372c2010 Exception <a 'java/lang/NoSuchMethodError'{0x0000000084cfda70}: 'void java.lang.invoke.DirectMethodHandle$Holder.invokeVirtual(java.lang.Object, java.lang.Object, long)'> (0x0000000084cfda70) 
thrown [s\src\hotspot\share\interpreter\linkResolver.cpp, line 759]
Event: 29.486 Thread 0x00000201372c2010 Exception <a 'java/lang/IncompatibleClassChangeError'{0x000000008460a488}: Found class java.lang.Object, but interface was expected> (0x000000008460a488) 
thrown [s\src\hotspot\share\interpreter\linkResolver.cpp, line 826]
Event: 29.535 Thread 0x00000201372c2010 Exception <a 'java/lang/NoSuchMethodError'{0x000000008455dc30}: 'int java.lang.invoke.DirectMethodHandle$Holder.invokeStaticInit(java.lang.Object, java.lang.Object, java.lang.Object, java.lang.Object)'> (0x000000008455dc30) 
thrown [s\src\hotspot\share\interpreter\linkResolver.cpp, line 759]
Event: 29.566 Thread 0x00000201372c2010 Exception <a 'java/lang/NoSuchMethodError'{0x00000000844a6a30}: 'java.lang.Object java.lang.invoke.DirectMethodHandle$Holder.newInvokeSpecial(java.lang.Object, java.lang.Object, java.lang.Object, java.lang.Object, java.lang.Object, java.lang.Object, java.lang.Object, java.lang.Object, java.lang.Object)'> (0x00000000844a6a30) 
thrown [s\src\hotspot\share\interpreter\linkResolver.cpp, line 759]
Event: 29.566 Thread 0x00000201372c2010 Exception <a 'java/lang/NoSuchMethodError'{0x00000000844ab728}: 'java.lang.Object java.lang.invoke.Invokers$Holder.linkToTargetMethod(java.lang.Object, java.lang.Object, java.lang.Object, java.lang.Object, java.lang.Object, java.lang.Object, java.lang.Object, java.lang.Object, java.lang.Object)'> (0x00000000844ab728) 
thrown [s\src\hotspot\share\interpreter\linkResolver.cpp, line 759]
Event: 30.154 Thread 0x00000201372c2010 Exception <a 'java/lang/NoSuchMethodError'{0x00000000881af720}: 'int java.lang.invoke.DirectMethodHandle$Holder.invokeStatic(java.lang.Object, java.lang.Object, java.lang.Object, java.lang.Object, java.lang.Object)'> (0x00000000881af720) 
thrown [s\src\hotspot\share\interpreter\linkResolver.cpp, line 759]
Event: 30.201 Thread 0x00000201372c2010 Exception <a 'java/lang/NoSuchMethodError'{0x0000000084c43338}: 'double java.lang.invoke.DirectMethodHandle$Holder.invokeStatic(java.lang.Object, java.lang.Object)'> (0x0000000084c43338) 
thrown [s\src\hotspot\share\interpreter\linkResolver.cpp, line 759]
Event: 30.516 Thread 0x0000020136debf70 Exception <a 'java/lang/NoSuchMethodError'{0x0000000089d1a408}: 'long java.lang.invoke.DirectMethodHandle$Holder.invokeStatic(java.lang.Object, java.lang.Object, java.lang.Object)'> (0x0000000089d1a408) 
thrown [s\src\hotspot\share\interpreter\linkResolver.cpp, line 759]
Event: 30.557 Thread 0x00000201372c2010 Exception <a 'java/lang/IncompatibleClassChangeError'{0x00000000884d4a60}: Found class java.lang.Object, but interface was expected> (0x00000000884d4a60) 
thrown [s\src\hotspot\share\interpreter\linkResolver.cpp, line 826]
Event: 30.593 Thread 0x00000201372c2010 Exception <a 'java/lang/NoSuchMethodError'{0x0000000088255778}: 'void java.lang.invoke.DirectMethodHandle$Holder.invokeStatic(java.lang.Object, java.lang.Object, double)'> (0x0000000088255778) 
thrown [s\src\hotspot\share\interpreter\linkResolver.cpp, line 759]
Event: 30.607 Thread 0x00000201372c2010 Exception <a 'java/lang/NoSuchMethodError'{0x00000000882a47f8}: 'double java.lang.invoke.DirectMethodHandle$Holder.invokeStatic(java.lang.Object, java.lang.Object, java.lang.Object)'> (0x00000000882a47f8) 
thrown [s\src\hotspot\share\interpreter\linkResolver.cpp, line 759]
Event: 30.615 Thread 0x00000201372c2010 Exception <a 'java/lang/NoSuchMethodError'{0x00000000882fd5b8}: 'java.lang.Object java.lang.invoke.DirectMethodHandle$Holder.newInvokeSpecial(java.lang.Object, java.lang.Object, int, java.lang.Object, java.lang.Object)'> (0x00000000882fd5b8) 
thrown [s\src\hotspot\share\interpreter\linkResolver.cpp, line 759]
Event: 30.616 Thread 0x00000201372c2010 Exception <a 'java/lang/NoSuchMethodError'{0x0000000088108bd8}: 'java.lang.Object java.lang.invoke.DirectMethodHandle$Holder.invokeSpecial(java.lang.Object, java.lang.Object, int, java.lang.Object, int, java.lang.Object)'> (0x0000000088108bd8) 
thrown [s\src\hotspot\share\interpreter\linkResolver.cpp, line 759]
Event: 30.616 Thread 0x00000201372c2010 Exception <a 'java/lang/NoSuchMethodError'{0x0000000088110c88}: 'java.lang.Object java.lang.invoke.DirectMethodHandle$Holder.newInvokeSpecial(java.lang.Object, java.lang.Object, int, java.lang.Object, int)'> (0x0000000088110c88) 
thrown [s\src\hotspot\share\interpreter\linkResolver.cpp, line 759]
Event: 30.616 Thread 0x00000201372c2010 Exception <a 'java/lang/NoSuchMethodError'{0x0000000088114d88}: 'java.lang.Object java.lang.invoke.DirectMethodHandle$Holder.invokeSpecial(java.lang.Object, java.lang.Object, java.lang.Object, int, java.lang.Object, int)'> (0x0000000088114d88) 
thrown [s\src\hotspot\share\interpreter\linkResolver.cpp, line 759]
Event: 129.914 Thread 0x0000020139211050 Exception <a 'java/lang/NoSuchMethodError'{0x0000000084984760}: 'java.lang.Object java.lang.invoke.DirectMethodHandle$Holder.invokeSpecial(java.lang.Object, java.lang.Object, java.lang.Object, java.lang.Object, java.lang.Object, long)'> (0x0000000084984760) 
thrown [s\src\hotspot\share\interpreter\linkResolver.cpp, line 759]
Event: 129.915 Thread 0x0000020139211050 Exception <a 'java/lang/NoSuchMethodError'{0x00000000849881a0}: 'java.lang.Object java.lang.invoke.Invokers$Holder.linkToTargetMethod(java.lang.Object, java.lang.Object, java.lang.Object, long, java.lang.Object)'> (0x00000000849881a0) 
thrown [s\src\hotspot\share\interpreter\linkResolver.cpp, line 759]
Event: 130.511 Thread 0x0000020139210b80 Exception <a 'sun/nio/fs/WindowsException'{0x0000000088451b60}> (0x0000000088451b60) 
thrown [s\src\hotspot\share\prims\jni.cpp, line 516]

VM Operations (20 events):
Event: 1007.395 Executing VM operation: G1CollectForAllocation done
Event: 1008.373 Executing VM operation: G1CollectForAllocation
Event: 1008.563 Executing VM operation: G1CollectForAllocation done
Event: 1009.574 Executing VM operation: Cleanup
Event: 1009.574 Executing VM operation: Cleanup done
Event: 1018.661 Executing VM operation: Cleanup
Event: 1018.661 Executing VM operation: Cleanup done
Event: 1025.495 Executing VM operation: G1CollectForAllocation
Event: 1025.498 Executing VM operation: G1CollectForAllocation done
Event: 1025.543 Executing VM operation: G1Concurrent
Event: 1025.549 Executing VM operation: G1Concurrent done
Event: 1025.574 Executing VM operation: G1Concurrent
Event: 1025.575 Executing VM operation: G1Concurrent done
Event: 1036.873 Executing VM operation: G1CollectForAllocation
Event: 1036.880 Executing VM operation: G1CollectForAllocation done
Event: 1037.337 Executing VM operation: G1CollectForAllocation
Event: 1037.346 Executing VM operation: G1CollectForAllocation done
Event: 1049.437 Executing VM operation: Cleanup
Event: 1049.437 Executing VM operation: Cleanup done
Event: 1052.666 Executing VM operation: G1CollectForAllocation

Events (20 events):
Event: 781.469 Thread 0x000002013c1c8890 Thread added: 0x000002013c1c8890
Event: 786.476 Thread 0x000002013c1c8890 Thread exited: 0x000002013c1c8890
Event: 916.505 Thread 0x000002013c1c8da0 Thread added: 0x000002013c1c8da0
Event: 926.084 Thread 0x000002013c1c8da0 Thread exited: 0x000002013c1c8da0
Event: 954.719 Thread 0x000002013c1c8da0 Thread added: 0x000002013c1c8da0
Event: 954.719 Thread 0x000002013c1c7e70 Thread added: 0x000002013c1c7e70
Event: 954.719 Thread 0x000002013c1c8380 Thread added: 0x000002013c1c8380
Event: 957.694 Thread 0x000002013c1c8380 Thread exited: 0x000002013c1c8380
Event: 957.695 Thread 0x000002013c1c7e70 Thread exited: 0x000002013c1c7e70
Event: 957.790 Thread 0x000002013c1c8890 Thread added: 0x000002013c1c8890
Event: 957.790 Thread 0x000002013c1c8380 Thread added: 0x000002013c1c8380
Event: 962.707 Thread 0x000002013c1c8380 Thread exited: 0x000002013c1c8380
Event: 962.707 Thread 0x000002013c1c8890 Thread exited: 0x000002013c1c8890
Event: 963.157 Thread 0x000002013c1c7960 Thread added: 0x000002013c1c7960
Event: 963.159 Thread 0x000002013c1c7450 Thread added: 0x000002013c1c7450
Event: 963.974 Thread 0x000002013c1c7450 Thread exited: 0x000002013c1c7450
Event: 963.974 Thread 0x000002013c1c7960 Thread exited: 0x000002013c1c7960
Event: 963.994 Thread 0x000002013c1c7450 Thread added: 0x000002013c1c7450
Event: 966.807 Thread 0x000002013c1c7450 Thread exited: 0x000002013c1c7450
Event: 966.807 Thread 0x000002013c1c8da0 Thread exited: 0x000002013c1c8da0


Dynamic libraries:
0x00007ff6c6200000 - 0x00007ff6c620d000 	C:\Program Files\Amazon Corretto\jdk17.0.6_10\bin\java.exe
0x00007ffb2d290000 - 0x00007ffb2d488000 	C:\Windows\SYSTEM32\ntdll.dll
0x00007ffb2b2d0000 - 0x00007ffb2b38f000 	C:\Windows\System32\KERNEL32.DLL
0x00007ffb2aa90000 - 0x00007ffb2ad62000 	C:\Windows\System32\KERNELBASE.dll
0x00007ffb2b1d0000 - 0x00007ffb2b2d0000 	C:\Windows\System32\ucrtbase.dll
0x00007ffb15ab0000 - 0x00007ffb15ac5000 	C:\Program Files\Amazon Corretto\jdk17.0.6_10\bin\VCRUNTIME140.dll
0x00007ffb10d80000 - 0x00007ffb10d97000 	C:\Program Files\Amazon Corretto\jdk17.0.6_10\bin\jli.dll
0x00007ffb2c430000 - 0x00007ffb2c5d1000 	C:\Windows\System32\USER32.dll
0x00007ffb2a030000 - 0x00007ffb2a2ca000 	C:\Windows\WinSxS\amd64_microsoft.windows.common-controls_6595b64144ccf1df_6.0.19041.1110_none_60b5254171f9507e\COMCTL32.dll
0x00007ffb2adc0000 - 0x00007ffb2ade2000 	C:\Windows\System32\win32u.dll
0x00007ffb2d1b0000 - 0x00007ffb2d24e000 	C:\Windows\System32\msvcrt.dll
0x00007ffb2c200000 - 0x00007ffb2c22b000 	C:\Windows\System32\GDI32.dll
0x00007ffb2a980000 - 0x00007ffb2aa8f000 	C:\Windows\System32\gdi32full.dll
0x00007ffb2b130000 - 0x00007ffb2b1cd000 	C:\Windows\System32\msvcp_win.dll
0x00007ffb2bfd0000 - 0x00007ffb2c002000 	C:\Windows\System32\IMM32.DLL
0x00007ffb01e40000 - 0x00007ffb01edb000 	C:\Program Files\Amazon Corretto\jdk17.0.6_10\bin\msvcp140.dll
0x00007ffaacbe0000 - 0x00007ffaad7f8000 	C:\Program Files\Amazon Corretto\jdk17.0.6_10\bin\server\jvm.dll
0x00007ffb2cba0000 - 0x00007ffb2cc4e000 	C:\Windows\System32\ADVAPI32.dll
0x00007ffb2ce50000 - 0x00007ffb2ceec000 	C:\Windows\System32\sechost.dll
0x00007ffb2bae0000 - 0x00007ffb2bc05000 	C:\Windows\System32\RPCRT4.dll
0x00007ffb23c30000 - 0x00007ffb23c3a000 	C:\Windows\SYSTEM32\VERSION.dll
0x00007ffb257d0000 - 0x00007ffb257d9000 	C:\Windows\SYSTEM32\WSOCK32.dll
0x00007ffb20390000 - 0x00007ffb203b7000 	C:\Windows\SYSTEM32\WINMM.dll
0x00007ffb2c2f0000 - 0x00007ffb2c35b000 	C:\Windows\System32\WS2_32.dll
0x00007ffb27b00000 - 0x00007ffb27b12000 	C:\Windows\SYSTEM32\kernel.appcore.dll
0x00007ffb28ac0000 - 0x00007ffb28aca000 	C:\Program Files\Amazon Corretto\jdk17.0.6_10\bin\jimage.dll
0x00007ffb2a3b0000 - 0x00007ffb2a594000 	C:\Windows\SYSTEM32\DBGHELP.DLL
0x00007ffb2a2f0000 - 0x00007ffb2a325000 	C:\Windows\SYSTEM32\dbgcore.DLL
0x00007ffb2b0a0000 - 0x00007ffb2b122000 	C:\Windows\System32\bcryptPrimitives.dll
0x00007ffb28760000 - 0x00007ffb2876e000 	C:\Program Files\Amazon Corretto\jdk17.0.6_10\bin\instrument.dll
0x00007ffb10d50000 - 0x00007ffb10d75000 	C:\Program Files\Amazon Corretto\jdk17.0.6_10\bin\java.dll
0x00007ffafd0d0000 - 0x00007ffafd1a6000 	C:\Program Files\Amazon Corretto\jdk17.0.6_10\bin\jsvml.dll
0x00007ffb2b390000 - 0x00007ffb2bad5000 	C:\Windows\System32\SHELL32.dll
0x00007ffb27d00000 - 0x00007ffb28492000 	C:\Windows\SYSTEM32\windows.storage.dll
0x00007ffb2bc70000 - 0x00007ffb2bfc5000 	C:\Windows\System32\combase.dll
0x00007ffb29b90000 - 0x00007ffb29bc0000 	C:\Windows\SYSTEM32\Wldp.dll
0x00007ffb2cef0000 - 0x00007ffb2cf9d000 	C:\Windows\System32\SHCORE.dll
0x00007ffb2d150000 - 0x00007ffb2d1a5000 	C:\Windows\System32\shlwapi.dll
0x00007ffb2a8c0000 - 0x00007ffb2a8df000 	C:\Windows\SYSTEM32\profapi.dll
0x00007ffb0f1a0000 - 0x00007ffb0f1b8000 	C:\Program Files\Amazon Corretto\jdk17.0.6_10\bin\zip.dll
0x00007ffb10c00000 - 0x00007ffb10c19000 	C:\Program Files\Amazon Corretto\jdk17.0.6_10\bin\net.dll
0x00007ffb212e0000 - 0x00007ffb213ec000 	C:\Windows\SYSTEM32\WINHTTP.dll
0x00007ffb29970000 - 0x00007ffb299da000 	C:\Windows\system32\mswsock.dll
0x00007ffb0f1c0000 - 0x00007ffb0f1d5000 	C:\Program Files\Amazon Corretto\jdk17.0.6_10\bin\nio.dll
0x00007ffb0bd90000 - 0x00007ffb0bdaa000 	C:\Program Files\JetBrains\IntelliJ IDEA 2022.3.2\bin\breakgen64.dll
0x00007ffb296c0000 - 0x00007ffb2978b000 	C:\Windows\SYSTEM32\DNSAPI.dll
0x00007ffb29680000 - 0x00007ffb296bb000 	C:\Windows\SYSTEM32\IPHLPAPI.DLL
0x00007ffb2c2d0000 - 0x00007ffb2c2d8000 	C:\Windows\System32\NSI.dll
0x00007ffb1d740000 - 0x00007ffb1d74a000 	C:\Windows\System32\rasadhlp.dll
0x00007ffb1ecf0000 - 0x00007ffb1ed70000 	C:\Windows\System32\fwpuclnt.dll
0x00007ffb2af50000 - 0x00007ffb2af77000 	C:\Windows\System32\bcrypt.dll
0x00007ffb275a0000 - 0x00007ffb275a9000 	C:\Program Files\Amazon Corretto\jdk17.0.6_10\bin\management.dll
0x00007ffb239b0000 - 0x00007ffb239bb000 	C:\Program Files\Amazon Corretto\jdk17.0.6_10\bin\management_ext.dll
0x00007ffb2c230000 - 0x00007ffb2c238000 	C:\Windows\System32\PSAPI.DLL
0x00007ffb2a710000 - 0x00007ffb2a728000 	C:\Windows\SYSTEM32\CRYPTSP.dll
0x00007ffb29310000 - 0x00007ffb29344000 	C:\Windows\system32\rsaenh.dll
0x00007ffb2a880000 - 0x00007ffb2a8ae000 	C:\Windows\SYSTEM32\USERENV.dll
0x00007ffb29b00000 - 0x00007ffb29b0c000 	C:\Windows\SYSTEM32\CRYPTBASE.dll
0x00007ffb22820000 - 0x00007ffb22837000 	C:\Windows\SYSTEM32\dhcpcsvc6.DLL
0x00007ffb22800000 - 0x00007ffb2281d000 	C:\Windows\SYSTEM32\dhcpcsvc.DLL
0x00007ffb0be20000 - 0x00007ffb0be37000 	C:\Windows\system32\napinsp.dll
0x00007ffb0be00000 - 0x00007ffb0be1b000 	C:\Windows\system32\pnrpnsp.dll
0x00007ffb0bd30000 - 0x00007ffb0bd45000 	C:\Windows\system32\wshbth.dll
0x00007ffb25720000 - 0x00007ffb2573d000 	C:\Windows\system32\NLAapi.dll
0x00007ffb0bd10000 - 0x00007ffb0bd22000 	C:\Windows\System32\winrnr.dll
0x00007ffb10d40000 - 0x00007ffb10d4e000 	C:\Program Files\Amazon Corretto\jdk17.0.6_10\bin\sunmscapi.dll
0x00007ffb2adf0000 - 0x00007ffb2af46000 	C:\Windows\System32\CRYPT32.dll
0x00007ffb29c00000 - 0x00007ffb29c27000 	C:\Windows\SYSTEM32\ncrypt.dll
0x00007ffb29bc0000 - 0x00007ffb29bfb000 	C:\Windows\SYSTEM32\NTASN1.dll
0x00007ffb28740000 - 0x00007ffb28750000 	C:\Program Files\Amazon Corretto\jdk17.0.6_10\bin\verify.dll
0x00007ffb031c0000 - 0x00007ffb031c7000 	C:\Windows\system32\wshunix.dll
0x000000006e4c0000 - 0x000000006e4df000 	C:\Users\abhis\AppData\Local\Temp\jffi17722734911397026576.dll

dbghelp: loaded successfully - version: 4.0.5 - missing functions: none
symbol engine: initialized successfully - sym options: 0x614 - pdb path: .;C:\Program Files\Amazon Corretto\jdk17.0.6_10\bin;C:\Windows\SYSTEM32;C:\Windows\WinSxS\amd64_microsoft.windows.common-controls_6595b64144ccf1df_6.0.19041.1110_none_60b5254171f9507e;C:\Program Files\Amazon Corretto\jdk17.0.6_10\bin\server;C:\Program Files\JetBrains\IntelliJ IDEA 2022.3.2\bin;C:\Users\abhis\AppData\Local\Temp

VM Arguments:
jvm_args: -XX:TieredStopAtLevel=1 -Dspring.output.ansi.enabled=always -Dcom.sun.management.jmxremote -Dspring.jmx.enabled=true -Dspring.liveBeansView.mbeanDomain -Dspring.application.admin.enabled=true -Dmanagement.endpoints.jmx.exposure.include=* -javaagent:C:\Program Files\JetBrains\IntelliJ IDEA 2022.3.2\lib\idea_rt.jar=62669:C:\Program Files\JetBrains\IntelliJ IDEA 2022.3.2\bin -Dfile.encoding=UTF-8 
java_command: io.akhutail.mail.MailMessages
java_class_path (initial): C:\Code\Projects\MailMessaging\target\classes;C:\Users\abhis\.m2\repository\jakarta\annotation\jakarta.annotation-api\2.1.1\jakarta.annotation-api-2.1.1.jar;C:\Users\abhis\.m2\repository\org\springframework\boot\spring-boot-starter-actuator\3.0.2\spring-boot-starter-actuator-3.0.2.jar;C:\Users\abhis\.m2\repository\org\springframework\boot\spring-boot-starter\3.0.2\spring-boot-starter-3.0.2.jar;C:\Users\abhis\.m2\repository\org\springframework\boot\spring-boot-starter-logging\3.0.2\spring-boot-starter-logging-3.0.2.jar;C:\Users\abhis\.m2\repository\ch\qos\logback\logback-classic\1.4.5\logback-classic-1.4.5.jar;C:\Users\abhis\.m2\repository\ch\qos\logback\logback-core\1.4.5\logback-core-1.4.5.jar;C:\Users\abhis\.m2\repository\org\apache\logging\log4j\log4j-to-slf4j\2.19.0\log4j-to-slf4j-2.19.0.jar;C:\Users\abhis\.m2\repository\org\apache\logging\log4j\log4j-api\2.19.0\log4j-api-2.19.0.jar;C:\Users\abhis\.m2\repository\org\slf4j\jul-to-slf4j\2.0.6\jul-to-slf4j-2.0.6.jar;C:\Users\abhis\.m2\repository\org\yaml\snakeyaml\1.33\snakeyaml-1.33.jar;C:\Users\abhis\.m2\repository\org\springframework\boot\spring-boot-actuator-autoconfigure\3.0.2\spring-boot-actuator-autoconfigure-3.0.2.jar;C:\Users\abhis\.m2\repository\org\springframework\boot\spring-boot-actuator\3.0.2\spring-boot-actuator-3.0.2.jar;C:\Users\abhis\.m2\repository\com\fasterxml\jackson\core\jackson-databind\2.14.1\jackson-databind-2.14.1.jar;C:\Users\abhis\.m2\repository\com\fasterxml\jackson\core\jackson-annotations\2.14.1\jackson-annotations-2.14.1.jar;C:\Users\abhis\.m2\repository\com\fasterxml\jackson\core\jackson-core\2.14.1\jackson-core-2.14.1.jar;C:\Users\abhis\.m2\repository\com\fasterxml\jackson\datatype\jackson-datatype-jsr310\2.14.1\jackson-datatype-jsr310-2.14.1.jar;C:\Users\abhis\.m2\repository\io\micrometer\micrometer-observation\1.10.3\micrometer-observation-1.10.3.jar;C:\Users\abhis\.m2\repository\io\micrometer\micrometer-commons\1.10.3\micrometer-commons-1.10.3.jar;C:
Launcher Type: SUN_STANDARD

[Global flags]
     intx CICompilerCount                          = 4                                         {product} {ergonomic}
     uint ConcGCThreads                            = 2                                         {product} {ergonomic}
     uint G1ConcRefinementThreads                  = 8                                         {product} {ergonomic}
   size_t G1HeapRegionSize                         = 1048576                                   {product} {ergonomic}
    uintx GCDrainStackTargetSize                   = 64                                        {product} {ergonomic}
   size_t InitialHeapSize                          = 134217728                                 {product} {ergonomic}
     bool ManagementServer                         = true                                      {product} {command line}
   size_t MarkStackSize                            = 4194304                                   {product} {ergonomic}
   size_t MaxHeapSize                              = 2116026368                                {product} {ergonomic}
   size_t MaxNewSize                               = 1268776960                                {product} {ergonomic}
   size_t MinHeapDeltaBytes                        = 1048576                                   {product} {ergonomic}
   size_t MinHeapSize                              = 8388608                                   {product} {ergonomic}
    uintx NonProfiledCodeHeapSize                  = 0                                      {pd product} {ergonomic}
     bool ProfileInterpreter                       = false                                  {pd product} {command line}
    uintx ProfiledCodeHeapSize                     = 0                                      {pd product} {ergonomic}
   size_t SoftMaxHeapSize                          = 2116026368                             {manageable} {ergonomic}
     intx TieredStopAtLevel                        = 1                                         {product} {command line}
     bool UseCompressedClassPointers               = true                           {product lp64_product} {ergonomic}
     bool UseCompressedOops                        = true                           {product lp64_product} {ergonomic}
     bool UseG1GC                                  = true                                      {product} {ergonomic}
     bool UseLargePagesIndividualAllocation        = false                                  {pd product} {ergonomic}

Logging:
Log output configuration:
 #0: stdout all=warning uptime,level,tags
 #1: stderr all=off uptime,level,tags

Environment Variables:
JAVA_HOME=C:\Program Files\Amazon Corretto\jdk17.0.6_10
PATH=C:\Program Files\Eclipse Adoptium\jdk-17.0.6.10-hotspot\bin;C:\Program Files\Amazon Corretto\jdk17.0.6_10\bin;C:\Program Files\Amazon Corretto\jdk19.0.2_7\bin;C:\Windows\system32;C:\Windows;C:\Windows\System32\Wbem;C:\Windows\System32\WindowsPowerShell\v1.0\;C:\Windows\System32\OpenSSH\;C:\Program Files\Amazon Corretto\jdk17.0.6_10\bin;C:\Program Files\Git\cmd;C:\ProgramData\chocolatey\bin;C:\Program Files\nodejs\;C:\Program Files\Docker\Docker\resources\bin;C:\Program Files\Amazon Corretto\jdk17.0.6_10\bin;C:\Users\abhis\AppData\Local\Microsoft\WindowsApps;C:\Users\abhis\AppData\Roaming\npm;C:\Users\abhis\AppData\Local\Programs\Microsoft VS Code\bin;C:\Program Files\Git\mingw64\bin\;
USERNAME=abhis
OS=Windows_NT
PROCESSOR_IDENTIFIER=Intel64 Family 6 Model 142 Stepping 10, GenuineIntel
TMP=C:\Users\abhis\AppData\Local\Temp
TEMP=C:\Users\abhis\AppData\Local\Temp



---------------  S Y S T E M  ---------------

OS:
 Windows 10 , 64 bit Build 19041 (10.0.19041.2546)
OS uptime: 21 days 15:41 hours
Hyper-V role detected

CPU: total 8 (initial active 8) (4 cores per cpu, 2 threads per core) family 6 model 142 stepping 10 microcode 0xb4, cx8, cmov, fxsr, ht, mmx, 3dnowpref, sse, sse2, sse3, ssse3, sse4.1, sse4.2, popcnt, lzcnt, tsc, tscinvbit, avx, avx2, aes, erms, clmul, bmi1, bmi2, adx, fma, vzeroupper, clflush, clflushopt, hv

Memory: 4k page, system-wide physical 8067M (446M free)
TotalPageFile size 32643M (AvailPageFile size 0M)
current process WorkingSet (physical memory assigned to process): 148M, peak: 211M
current process commit charge ("private bytes"): 293M, peak: 324M

vm_info: OpenJDK 64-Bit Server VM (17.0.6+10-LTS) for windows-amd64 JRE (17.0.6+10-LTS), built on Jan 13 2023 22:57:04 by "Administrator" with MS VC++ 15.9 (VS2017)

END.
